20251229 23:01:59- INFO- 回测信号参数: {'low': -5, 'high': -2.5, 'mv_min': 35, 'mv_max': 1000, 'prev_limit_status': ['断板', '炸板']}
20251229 23:01:59- INFO- 回测时间区间: 2021-01-01 至 2025-12-29
20251229 23:02:00- INFO- 使用40个进程并行处理，共824个日期任务
20251229 23:04:52- INFO- 所有回测任务完成，共处理824个日期的结果
20251229 23:04:55- INFO- 
回测时间:2025-01-02 - 2025-12-29
策略胜率: 53.69%
策略盈亏比: 1.70
每日平均开仓个数: 2.53
平均持仓天数: 1.63 天
每单位风险期望收益:0.4479
策略总收益率: 170.69%
策略年化收益率: 173.69%
最大回撤: -6.27%
最大回撤阶段: 2025-04-24 至 2025-04-25
夏普比率: 4.11
策略超额年化收益率: 155.57%
最终净值: 2.7069
20251229 23:04:56- INFO- 
回测时间:2025-01-02 - 2025-12-29
策略胜率: 51.36%
策略盈亏比: 1.67
每日平均开仓个数: 2.53
平均持仓天数: 1.63 天
每单位风险期望收益:0.3732
策略总收益率: 376.03%
策略年化收益率: 384.33%
最大回撤: -10.56%
最大回撤阶段: 2025-02-25 至 2025-03-07
夏普比率: 3.88
策略超额年化收益率: 366.22%
最终净值: 4.7603
20251229 23:04:58- INFO- 
回测时间:2021-01-04 - 2025-12-24
策略胜率: 56.25%
策略盈亏比: 2.48
每日平均开仓个数: 1.18
平均持仓天数: 1.60 天
每单位风险期望收益:0.9576
策略总收益率: 11.80%
策略年化收益率: 2.27%
最大回撤: -3.63%
最大回撤阶段: 2022-11-28 至 2024-10-09
夏普比率: 0.11
策略超额年化收益率: 4.60%
最终净值: 1.1180
20251229 23:04:58- INFO- 
回测时间:2021-01-04 - 2025-12-24
策略胜率: 42.45%
策略盈亏比: 1.38
每日平均开仓个数: 1.06
平均持仓天数: 1.57 天
每单位风险期望收益:0.0094
策略总收益率: 18.01%
策略年化收益率: 3.39%
最大回撤: -30.15%
最大回撤阶段: 2021-08-18 至 2022-12-02
夏普比率: 0.17
策略超额年化收益率: 5.72%
最终净值: 1.1801
20251229 23:04:58- INFO- 
回测时间:2021-01-04 - 2025-12-24
策略胜率: 47.98%
策略盈亏比: 1.62
每日平均开仓个数: 1.45
平均持仓天数: 1.60 天
每单位风险期望收益:0.2563
策略总收益率: 242.20%
策略年化收益率: 28.07%
最大回撤: -18.39%
最大回撤阶段: 2022-08-17 至 2024-11-13
夏普比率: 1.29
策略超额年化收益率: 30.40%
最终净值: 3.4220
20251229 23:04:58- INFO- 
回测时间:2021-01-04 - 2025-12-24
策略胜率: 47.71%
策略盈亏比: 1.46
每日平均开仓个数: 1.22
平均持仓天数: 1.61 天
每单位风险期望收益:0.1759
策略总收益率: 107.14%
策略年化收益率: 15.77%
最大回撤: -9.55%
最大回撤阶段: 2022-12-09 至 2023-06-27
夏普比率: 0.94
策略超额年化收益率: 18.10%
最终净值: 2.0714
20251229 23:04:58- INFO- 
回测时间:2021-01-04 - 2025-12-24
策略胜率: 51.30%
策略盈亏比: 1.41
每日平均开仓个数: 1.20
平均持仓天数: 1.58 天
每单位风险期望收益:0.2379
策略总收益率: 113.57%
策略年化收益率: 16.49%
最大回撤: -15.48%
最大回撤阶段: 2022-12-06 至 2024-11-06
夏普比率: 0.99
策略超额年化收益率: 18.82%
最终净值: 2.1357
20251229 23:04:58- INFO- 
回测时间:2021-01-04 - 2025-12-24
策略胜率: 46.57%
策略盈亏比: 1.48
每日平均开仓个数: 1.31
平均持仓天数: 1.60 天
每单位风险期望收益:0.1558
策略总收益率: 39.52%
策略年化收益率: 6.93%
最大回撤: -36.26%
最大回撤阶段: 2021-02-23 至 2024-10-11
夏普比率: 0.34
策略超额年化收益率: 9.26%
最终净值: 1.3952
20251229 23:04:59- INFO- 
回测时间:2021-01-04 - 2025-12-24
策略胜率: 49.21%
策略盈亏比: 1.76
每日平均开仓个数: 1.51
平均持仓天数: 1.58 天
每单位风险期望收益:0.3568
策略总收益率: 119.54%
策略年化收益率: 17.13%
最大回撤: -13.89%
最大回撤阶段: 2021-03-10 至 2021-09-30
夏普比率: 1.06
策略超额年化收益率: 19.47%
最终净值: 2.1954
20251230 21:05:44- INFO- 回测信号参数: {'low': -5, 'high': -2.5, 'mv_min': 35, 'mv_max': 1000, 'prev_limit_status': ['断板', '炸板']}
20251230 21:05:45- INFO- 回测时间区间: 2021-01-01 至 2025-12-30
20251230 21:05:45- INFO- 使用40个进程并行处理，共825个日期任务
20251230 21:08:30- INFO- 所有回测任务完成，共处理825个日期的结果
20251230 21:08:34- INFO- 
回测时间:2025-01-02 - 2025-12-30
策略胜率: 53.55%
策略盈亏比: 1.71
每日平均开仓个数: 2.53
平均持仓天数: 1.63 天
每单位风险期望收益:0.4493
策略总收益率: 170.97%
策略年化收益率: 173.22%
最大回撤: -6.27%
最大回撤阶段: 2025-04-24 至 2025-04-25
夏普比率: 4.11
策略超额年化收益率: 154.85%
最终净值: 2.7097
20251230 21:08:36- INFO- 
回测时间:2025-01-02 - 2025-12-30
策略胜率: 51.25%
策略盈亏比: 1.68
每日平均开仓个数: 2.53
平均持仓天数: 1.63 天
每单位风险期望收益:0.3743
策略总收益率: 377.39%
策略年化收益率: 383.62%
最大回撤: -10.56%
最大回撤阶段: 2025-02-25 至 2025-03-07
夏普比率: 3.88
策略超额年化收益率: 365.25%
最终净值: 4.7739
20251230 21:08:37- INFO- 
回测时间:2021-01-04 - 2025-12-24
策略胜率: 56.25%
策略盈亏比: 2.48
每日平均开仓个数: 1.18
平均持仓天数: 1.60 天
每单位风险期望收益:0.9576
策略总收益率: 11.80%
策略年化收益率: 2.27%
最大回撤: -3.63%
最大回撤阶段: 2022-11-28 至 2024-10-09
夏普比率: 0.11
策略超额年化收益率: 4.60%
最终净值: 1.1180
20251230 21:08:37- INFO- 
回测时间:2021-01-04 - 2025-12-24
策略胜率: 42.45%
策略盈亏比: 1.38
每日平均开仓个数: 1.06
平均持仓天数: 1.57 天
每单位风险期望收益:0.0094
策略总收益率: 18.01%
策略年化收益率: 3.39%
最大回撤: -30.15%
最大回撤阶段: 2021-08-18 至 2022-12-02
夏普比率: 0.17
策略超额年化收益率: 5.72%
最终净值: 1.1801
20251230 21:08:38- INFO- 
回测时间:2021-01-04 - 2025-12-24
策略胜率: 47.98%
策略盈亏比: 1.62
每日平均开仓个数: 1.45
平均持仓天数: 1.60 天
每单位风险期望收益:0.2563
策略总收益率: 242.20%
策略年化收益率: 28.07%
最大回撤: -18.39%
最大回撤阶段: 2022-08-17 至 2024-11-13
夏普比率: 1.29
策略超额年化收益率: 30.40%
最终净值: 3.4220
20251230 21:08:38- INFO- 
回测时间:2021-01-04 - 2025-12-24
策略胜率: 47.71%
策略盈亏比: 1.46
每日平均开仓个数: 1.22
平均持仓天数: 1.61 天
每单位风险期望收益:0.1759
策略总收益率: 107.14%
策略年化收益率: 15.77%
最大回撤: -9.55%
最大回撤阶段: 2022-12-09 至 2023-06-27
夏普比率: 0.94
策略超额年化收益率: 18.10%
最终净值: 2.0714
20251230 21:08:38- INFO- 
回测时间:2021-01-04 - 2025-12-24
策略胜率: 51.30%
策略盈亏比: 1.41
每日平均开仓个数: 1.20
平均持仓天数: 1.58 天
每单位风险期望收益:0.2379
策略总收益率: 113.57%
策略年化收益率: 16.49%
最大回撤: -15.48%
最大回撤阶段: 2022-12-06 至 2024-11-06
夏普比率: 0.99
策略超额年化收益率: 18.82%
最终净值: 2.1357
20251230 21:08:38- INFO- 
回测时间:2021-01-04 - 2025-12-24
策略胜率: 46.57%
策略盈亏比: 1.48
每日平均开仓个数: 1.31
平均持仓天数: 1.60 天
每单位风险期望收益:0.1558
策略总收益率: 39.52%
策略年化收益率: 6.93%
最大回撤: -36.26%
最大回撤阶段: 2021-02-23 至 2024-10-11
夏普比率: 0.34
策略超额年化收益率: 9.26%
最终净值: 1.3952
20251230 21:08:38- INFO- 
回测时间:2021-01-04 - 2025-12-24
策略胜率: 49.21%
策略盈亏比: 1.76
每日平均开仓个数: 1.51
平均持仓天数: 1.58 天
每单位风险期望收益:0.3568
策略总收益率: 119.54%
策略年化收益率: 17.13%
最大回撤: -13.89%
最大回撤阶段: 2021-03-10 至 2021-09-30
夏普比率: 1.06
策略超额年化收益率: 19.47%
最终净值: 2.1954
20251230 23:27:51- INFO- 回测信号参数: {'low': -5, 'high': -2.5, 'mv_min': 35, 'mv_max': 1000, 'prev_limit_status': ['断板', '炸板']}
20251230 23:27:52- INFO- 回测时间区间: 2021-01-01 至 2025-12-30
20251230 23:27:52- INFO- 使用40个进程并行处理，共825个日期任务
20251230 23:30:39- INFO- 所有回测任务完成，共处理825个日期的结果
20251230 23:30:42- INFO- 
回测时间:2025-01-02 - 2025-12-30
策略胜率: 53.55%
策略盈亏比: 1.71
每日平均开仓个数: 2.53
平均持仓天数: 1.63 天
每单位风险期望收益:0.4493
策略总收益率: 170.97%
策略年化收益率: 173.22%
最大回撤: -6.27%
最大回撤阶段: 2025-04-24 至 2025-04-25
夏普比率: 4.11
策略超额年化收益率: 154.85%
最终净值: 2.7097
20251230 23:30:43- INFO- 
回测时间:2025-01-02 - 2025-12-30
策略胜率: 51.25%
策略盈亏比: 1.68
每日平均开仓个数: 2.53
平均持仓天数: 1.63 天
每单位风险期望收益:0.3743
策略总收益率: 377.39%
策略年化收益率: 383.62%
最大回撤: -10.56%
最大回撤阶段: 2025-02-25 至 2025-03-07
夏普比率: 3.88
策略超额年化收益率: 365.25%
最终净值: 4.7739
20251230 23:30:44- INFO- 
回测时间:2021-01-04 - 2025-12-24
策略胜率: 56.25%
策略盈亏比: 2.48
每日平均开仓个数: 1.18
平均持仓天数: 1.60 天
每单位风险期望收益:0.9576
策略总收益率: 11.80%
策略年化收益率: 2.27%
最大回撤: -3.63%
最大回撤阶段: 2022-11-28 至 2024-10-09
夏普比率: 0.11
策略超额年化收益率: 4.60%
最终净值: 1.1180
20251230 23:30:44- INFO- 
回测时间:2021-01-04 - 2025-12-24
策略胜率: 42.45%
策略盈亏比: 1.38
每日平均开仓个数: 1.06
平均持仓天数: 1.57 天
每单位风险期望收益:0.0094
策略总收益率: 18.01%
策略年化收益率: 3.39%
最大回撤: -30.15%
最大回撤阶段: 2021-08-18 至 2022-12-02
夏普比率: 0.17
策略超额年化收益率: 5.72%
最终净值: 1.1801
20251230 23:30:44- INFO- 
回测时间:2021-01-04 - 2025-12-24
策略胜率: 47.98%
策略盈亏比: 1.62
每日平均开仓个数: 1.45
平均持仓天数: 1.60 天
每单位风险期望收益:0.2563
策略总收益率: 242.20%
策略年化收益率: 28.07%
最大回撤: -18.39%
最大回撤阶段: 2022-08-17 至 2024-11-13
夏普比率: 1.29
策略超额年化收益率: 30.40%
最终净值: 3.4220
20251230 23:30:44- INFO- 
回测时间:2021-01-04 - 2025-12-24
策略胜率: 47.71%
策略盈亏比: 1.46
每日平均开仓个数: 1.22
平均持仓天数: 1.61 天
每单位风险期望收益:0.1759
策略总收益率: 107.14%
策略年化收益率: 15.77%
最大回撤: -9.55%
最大回撤阶段: 2022-12-09 至 2023-06-27
夏普比率: 0.94
策略超额年化收益率: 18.10%
最终净值: 2.0714
20251230 23:30:44- INFO- 
回测时间:2021-01-04 - 2025-12-24
策略胜率: 51.30%
策略盈亏比: 1.41
每日平均开仓个数: 1.20
平均持仓天数: 1.58 天
每单位风险期望收益:0.2379
策略总收益率: 113.57%
策略年化收益率: 16.49%
最大回撤: -15.48%
最大回撤阶段: 2022-12-06 至 2024-11-06
夏普比率: 0.99
策略超额年化收益率: 18.82%
最终净值: 2.1357
20251230 23:30:44- INFO- 
回测时间:2021-01-04 - 2025-12-24
策略胜率: 46.57%
策略盈亏比: 1.48
每日平均开仓个数: 1.31
平均持仓天数: 1.60 天
每单位风险期望收益:0.1558
策略总收益率: 39.52%
策略年化收益率: 6.93%
最大回撤: -36.26%
最大回撤阶段: 2021-02-23 至 2024-10-11
夏普比率: 0.34
策略超额年化收益率: 9.26%
最终净值: 1.3952
20251230 23:30:45- INFO- 
回测时间:2021-01-04 - 2025-12-24
策略胜率: 49.21%
策略盈亏比: 1.76
每日平均开仓个数: 1.51
平均持仓天数: 1.58 天
每单位风险期望收益:0.3568
策略总收益率: 119.54%
策略年化收益率: 17.13%
最大回撤: -13.89%
最大回撤阶段: 2021-03-10 至 2021-09-30
夏普比率: 1.06
策略超额年化收益率: 19.47%
最终净值: 2.1954
20260102 04:52:10- INFO- 回测信号参数: {'low': -5, 'high': -2.5, 'mv_min': 35, 'mv_max': 1000, 'prev_limit_status': ['断板', '炸板']}
20260102 04:56:58- INFO- 回测信号参数: {'low': -5, 'high': -2.5, 'mv_min': 35, 'mv_max': 1000, 'prev_limit_status': ['断板', '炸板']}
20260102 04:57:44- INFO- 回测时间区间: 2021-01-01 至 2026-01-02
20260102 04:57:44- INFO- 使用40个进程并行处理，共504个日期任务
20260102 04:59:54- INFO- 所有回测任务完成，共处理504个日期的结果
20260102 04:59:58- INFO- 
回测时间:2025-01-02 - 2025-12-31
策略胜率: 53.63%
策略盈亏比: 1.69
每日平均开仓个数: 1.85
平均持仓天数: 1.60 天
每单位风险期望收益:0.4433
策略总收益率: 111.27%
策略年化收益率: 112.14%
最大回撤: -8.93%
最大回撤阶段: 2025-09-11 至 2025-11-18
夏普比率: 3.00
策略超额年化收益率: 94.38%
最终净值: 2.1127
20260102 05:13:15- INFO- 
回测时间:2025-01-02 - 2025-12-31
策略胜率: 53.68%
策略盈亏比: 1.63
每日平均开仓个数: 1.85
平均持仓天数: 1.60 天
每单位风险期望收益:0.4117
策略总收益率: 120.07%
策略年化收益率: 121.03%
最大回撤: -8.48%
最大回撤阶段: 2025-09-22 至 2025-11-18
夏普比率: 2.96
策略超额年化收益率: 103.26%
最终净值: 2.2007
20260102 05:13:49- INFO- 
回测时间:2021-01-04 - 2025-12-31
策略胜率: 49.62%
策略盈亏比: 1.62
每日平均开仓个数: 1.65
平均持仓天数: 1.60 天
每单位风险期望收益:0.3015
策略总收益率: 2193.42%
策略年化收益率: 87.30%
最大回撤: -36.55%
最大回撤阶段: 2022-07-21 至 2023-06-29
夏普比率: 1.85
策略超额年化收益率: 89.64%
最终净值: 22.9342
20260102 05:14:06- INFO- 
回测时间:2021-01-04 - 2025-12-31
策略胜率: 49.64%
策略盈亏比: 1.61
每日平均开仓个数: 1.65
平均持仓天数: 1.60 天
每单位风险期望收益:0.2940
策略总收益率: 336.87%
策略年化收益率: 34.36%
最大回撤: -18.59%
最大回撤阶段: 2022-07-21 至 2023-06-29
夏普比率: 1.60
策略超额年化收益率: 36.71%
最终净值: 4.3687
20260102 05:14:20- INFO- 
回测时间:2021-01-04 - 2025-12-31
策略胜率: 49.64%
策略盈亏比: 1.61
每日平均开仓个数: 1.65
平均持仓天数: 1.60 天
每单位风险期望收益:0.2940
策略总收益率: 1967.76%
策略年化收益率: 83.46%
最大回撤: -36.28%
最大回撤阶段: 2022-07-21 至 2023-06-29
夏普比率: 1.78
策略超额年化收益率: 85.80%
最终净值: 20.6776
20260102 05:14:33- INFO- 
回测时间:2025-01-02 - 2025-12-31
策略胜率: 53.68%
策略盈亏比: 1.63
每日平均开仓个数: 1.85
平均持仓天数: 1.60 天
每单位风险期望收益:0.4117
策略总收益率: 205.53%
策略年化收益率: 207.42%
最大回撤: -16.39%
最大回撤阶段: 2025-09-22 至 2025-11-18
夏普比率: 2.90
策略超额年化收益率: 189.65%
最终净值: 3.0553
20260102 05:15:09- INFO- 
回测时间:2021-01-04 - 2025-12-31
策略胜率: 49.17%
策略盈亏比: 1.66
每日平均开仓个数: 1.65
平均持仓天数: 1.60 天
每单位风险期望收益:0.3060
策略总收益率: 1855.94%
策略年化收益率: 81.42%
最大回撤: -38.20%
最大回撤阶段: 2022-07-21 至 2023-06-29
夏普比率: 1.81
策略超额年化收益率: 83.77%
最终净值: 19.5594
20260102 05:15:19- INFO- 
回测时间:2025-01-02 - 2025-12-31
策略胜率: 53.63%
策略盈亏比: 1.69
每日平均开仓个数: 1.85
平均持仓天数: 1.60 天
每单位风险期望收益:0.4433
策略总收益率: 183.24%
策略年化收益率: 184.87%
最大回撤: -16.75%
最大回撤阶段: 2025-09-11 至 2025-11-18
夏普比率: 2.89
策略超额年化收益率: 167.10%
最终净值: 2.8324
20260102 05:15:52- INFO- 回测信号参数: {'low': -5, 'high': -2.5, 'mv_min': 35, 'mv_max': 1000, 'prev_limit_status': ['断板', '炸板']}
20260102 05:15:53- INFO- 回测时间区间: 2021-01-01 至 2026-01-02
20260102 05:15:53- INFO- 使用40个进程并行处理，共725个日期任务
20260102 05:18:54- INFO- 所有回测任务完成，共处理725个日期的结果
20260102 05:18:57- INFO- 
回测时间:2025-01-02 - 2025-12-31
策略胜率: 53.21%
策略盈亏比: 1.61
每日平均开仓个数: 2.34
平均持仓天数: 1.61 天
每单位风险期望收益:0.3899
策略总收益率: 284.56%
策略年化收益率: 287.42%
最大回撤: -9.87%
最大回撤阶段: 2025-04-24 至 2025-04-25
夏普比率: 3.52
策略超额年化收益率: 269.65%
最终净值: 3.8456
20260102 05:19:26- INFO- 
回测时间:2025-01-02 - 2025-12-31
策略胜率: 51.90%
策略盈亏比: 1.60
每日平均开仓个数: 2.34
平均持仓天数: 1.61 天
每单位风险期望收益:0.3487
策略总收益率: 280.92%
策略年化收益率: 283.74%
最大回撤: -11.44%
最大回撤阶段: 2025-04-24 至 2025-04-29
夏普比率: 3.35
策略超额年化收益率: 265.97%
最终净值: 3.8092
20260102 05:43:37- INFO- 回测信号参数: {'low': -5, 'high': -2.5, 'mv_min': 35, 'mv_max': 1000, 'prev_limit_status': ['断板', '炸板'], 'avg_limit_turnover_10_min': 5}
20260102 05:43:37- INFO- 回测时间区间: 2021-01-01 至 2026-01-02
20260102 05:43:38- INFO- 使用40个进程并行处理，共725个日期任务
20260102 05:46:35- INFO- 所有回测任务完成，共处理725个日期的结果
20260102 05:46:38- INFO- 总调整天数: 73, 调整正确率: 51.12%, 预计平均亏损改善: 2.3758%
20260102 05:46:38- INFO- 回测结果(不风控):
20260102 05:46:38- INFO- 
回测时间:2025-01-02 - 2025-12-31
策略胜率: 51.96%
策略盈亏比: 1.60
每日平均开仓个数: 2.34
平均持仓天数: 1.61 天
每单位风险期望收益:0.3497
策略总收益率: 275.83%
策略年化收益率: 278.58%
最大回撤: -12.65%
最大回撤阶段: 2025-02-25 至 2025-03-07
夏普比率: 3.26
策略超额年化收益率: 260.81%
最终净值: 3.7583
20260102 05:46:38- INFO- 回测结果(触及跌停风控):
20260102 05:46:38- INFO- 
回测时间:2025-01-02 - 2025-12-31
策略胜率: 53.21%
策略盈亏比: 1.61
每日平均开仓个数: 2.34
平均持仓天数: 1.61 天
每单位风险期望收益:0.3899
策略总收益率: 284.56%
策略年化收益率: 287.42%
最大回撤: -9.87%
最大回撤阶段: 2025-04-24 至 2025-04-25
夏普比率: 3.52
策略超额年化收益率: 269.65%
最终净值: 3.8456
20260102 05:46:38- INFO- 回测结果(买点下移风控):
20260102 05:46:39- INFO- 
回测时间:2025-01-02 - 2025-12-31
策略胜率: 51.90%
策略盈亏比: 1.60
每日平均开仓个数: 2.34
平均持仓天数: 1.61 天
每单位风险期望收益:0.3487
策略总收益率: 280.92%
策略年化收益率: 283.74%
最大回撤: -11.44%
最大回撤阶段: 2025-04-24 至 2025-04-29
夏普比率: 3.35
策略超额年化收益率: 265.97%
最终净值: 3.8092
20260102 05:46:40- INFO- 正在计算分组 nan 的回测指标
20260102 05:46:41- INFO- 
回测时间:2021-01-04 - 2025-12-24
策略胜率: 0.00%
策略盈亏比: nan
每日平均开仓个数: 1.00
平均持仓天数: 1.50 天
每单位风险期望收益:nan
策略总收益率: -2.40%
策略年化收益率: -0.49%
最大回撤: -2.40%
最大回撤阶段: 2021-01-04 至 2024-11-12
夏普比率: -2.70
策略超额年化收益率: 1.85%
最终净值: 0.9760
20260102 05:46:41- INFO- 正在计算分组 (25, 50] 的回测指标
20260102 05:46:41- INFO- 
回测时间:2021-01-04 - 2025-12-24
策略胜率: 43.00%
策略盈亏比: 1.37
每日平均开仓个数: 1.07
平均持仓天数: 1.56 天
每单位风险期望收益:0.0210
策略总收益率: 21.70%
策略年化收益率: 4.03%
最大回撤: -30.22%
最大回撤阶段: 2021-08-18 至 2023-06-13
夏普比率: 0.20
策略超额年化收益率: 6.36%
最终净值: 1.2170
20260102 05:46:41- INFO- 正在计算分组 (50, 90] 的回测指标
20260102 05:46:41- INFO- 
回测时间:2021-01-04 - 2025-12-24
策略胜率: 46.95%
策略盈亏比: 1.66
每日平均开仓个数: 1.38
平均持仓天数: 1.59 天
每单位风险期望收益:0.2510
策略总收益率: 197.18%
策略年化收益率: 24.49%
最大回撤: -21.18%
最大回撤阶段: 2022-11-04 至 2024-11-14
夏普比率: 1.12
策略超额年化收益率: 26.82%
最终净值: 2.9718
20260102 05:46:41- INFO- 正在计算分组 (90, 120] 的回测指标
20260102 05:46:41- INFO- 
回测时间:2021-01-04 - 2025-12-24
策略胜率: 49.12%
策略盈亏比: 1.45
每日平均开仓个数: 1.20
平均持仓天数: 1.62 天
每单位风险期望收益:0.2017
策略总收益率: 101.08%
策略年化收益率: 15.08%
最大回撤: -14.57%
最大回撤阶段: 2022-04-11 至 2023-06-27
夏普比率: 0.95
策略超额年化收益率: 17.42%
最终净值: 2.0108
20260102 05:46:42- INFO- 正在计算分组 (120, 160] 的回测指标
20260102 05:46:42- INFO- 
回测时间:2021-01-04 - 2025-12-24
策略胜率: 50.00%
策略盈亏比: 1.28
每日平均开仓个数: 1.17
平均持仓天数: 1.58 天
每单位风险期望收益:0.1410
策略总收益率: 57.93%
策略年化收益率: 9.63%
最大回撤: -15.47%
最大回撤阶段: 2022-11-03 至 2024-11-06
夏普比率: 0.56
策略超额年化收益率: 11.96%
最终净值: 1.5793
20260102 05:46:42- INFO- 正在计算分组 (160, 250] 的回测指标
20260102 05:46:42- INFO- 
回测时间:2021-01-04 - 2025-12-24
策略胜率: 50.00%
策略盈亏比: 1.49
每日平均开仓个数: 1.16
平均持仓天数: 1.62 天
每单位风险期望收益:0.2467
策略总收益率: 62.95%
策略年化收益率: 10.32%
最大回撤: -28.00%
最大回撤阶段: 2021-02-23 至 2021-12-10
夏普比率: 0.51
策略超额年化收益率: 12.65%
最终净值: 1.6295
20260102 05:46:42- INFO- 正在计算分组 (250, 1000] 的回测指标
20260102 05:46:42- INFO- 
回测时间:2021-01-04 - 2025-12-24
策略胜率: 50.00%
策略盈亏比: 2.09
每日平均开仓个数: 1.29
平均持仓天数: 1.58 天
每单位风险期望收益:0.5457
策略总收益率: 101.76%
策略年化收益率: 15.16%
最大回撤: -8.77%
最大回撤阶段: 2021-08-13 至 2021-08-18
夏普比率: 1.03
策略超额年化收益率: 17.49%
最终净值: 2.0176
20260102 05:46:42- INFO- 分组描述性统计：
20260102 05:46:42- INFO-    _factor_bin    样本数        均值        标准差        最小值      25分位       中位数  \
0          nan    2.0 -3.004290   2.763519  -4.958393 -3.981342 -3.004290   
1     (25, 50]  109.0  0.048538  10.814135 -20.557315 -6.267661 -2.207137   
2     (50, 90]  605.0  1.180795   9.438691 -34.084415 -4.448015 -0.399202   
3    (90, 120]  257.0  1.124380   8.896676 -16.085855 -5.617117 -0.078024   
4   (120, 160]  182.0  0.841037   8.996814 -16.892787 -5.112910  0.077310   
5   (160, 250]  163.0  1.278053   9.547060 -13.738594 -4.978815 -0.037455   
6  (250, 1000]  159.0  2.257801   9.541168 -13.748475 -3.667348  0.198311   

       75分位        最大值      回测开始日期  ...   策略总收益率 策略年化收益率     最大回撤    最大回撤开始日期  \
0 -2.027239  -1.050187  2021-01-04  ...   -2.40%  -0.49%   -2.40%  2021-01-04   
1  4.027501  54.497052  2021-01-04  ...   21.70%   4.03%  -30.22%  2021-08-18   
2  5.551790  50.088349  2021-01-04  ...  197.18%  24.49%  -21.18%  2022-11-04   
3  6.104944  30.075670  2021-01-04  ...  101.08%  15.08%  -14.57%  2022-04-11   
4  5.316844  32.461238  2021-01-04  ...   57.93%   9.63%  -15.47%  2022-11-03   
5  4.883194  41.144328  2021-01-04  ...   62.95%  10.32%  -28.00%  2021-02-23   
6  5.686367  49.495161  2021-01-04  ...  101.76%  15.16%   -8.77%  2021-08-13   

     最大回撤结束日期   夏普比率 策略超额年化收益率    最终净值 每日平均买入股票个数  平均持仓天数  
0  2024-11-12  -2.70     1.85%  0.9760       1.00  1.50 天  
1  2023-06-13   0.20     6.36%  1.2170       1.07  1.56 天  
2  2024-11-14   1.12    26.82%  2.9718       1.38  1.59 天  
3  2023-06-27   0.95    17.42%  2.0108       1.20  1.62 天  
4  2024-11-06   0.56    11.96%  1.5793       1.17  1.58 天  
5  2021-12-10   0.51    12.65%  1.6295       1.16  1.62 天  
6  2021-08-18   1.03    17.49%  2.0176       1.29  1.58 天  

[7 rows x 24 columns]
20260102 05:52:58- INFO- 回测信号参数: {'low': -5, 'high': -2.5, 'mv_min': 35, 'mv_max': 1000, 'prev_limit_status': ['断板', '炸板'], 'avg_limit_turnover_10_min': 5}
20260102 05:52:59- INFO- 回测时间区间: 2021-01-01 至 2026-01-02
20260102 05:52:59- INFO- 使用40个进程并行处理，共725个日期任务
20260102 05:56:01- INFO- 所有回测任务完成，共处理725个日期的结果
20260102 05:56:04- INFO- 总调整天数: 73, 调整正确率: 51.12%, 预计平均亏损改善: 2.3758%
20260102 05:56:04- INFO- 回测结果(不风控):
20260102 05:56:04- INFO- 
回测时间:2025-01-02 - 2025-12-31
策略胜率: 51.96%
策略盈亏比: 1.60
每日平均开仓个数: 2.34
平均持仓天数: 1.61 天
每单位风险期望收益:0.3497
策略总收益率: 275.83%
策略年化收益率: 278.58%
最大回撤: -12.65%
最大回撤阶段: 2025-02-25 至 2025-03-07
夏普比率: 3.26
策略超额年化收益率: 260.81%
最终净值: 3.7583
20260102 05:56:04- INFO- 回测结果(触及跌停风控):
20260102 05:56:04- INFO- 
回测时间:2025-01-02 - 2025-12-31
策略胜率: 53.21%
策略盈亏比: 1.61
每日平均开仓个数: 2.34
平均持仓天数: 1.61 天
每单位风险期望收益:0.3899
策略总收益率: 284.56%
策略年化收益率: 287.42%
最大回撤: -9.87%
最大回撤阶段: 2025-04-24 至 2025-04-25
夏普比率: 3.52
策略超额年化收益率: 269.65%
最终净值: 3.8456
20260102 05:56:05- INFO- 回测结果(买点下移风控):
20260102 05:56:05- INFO- 
回测时间:2025-01-02 - 2025-12-31
策略胜率: 51.90%
策略盈亏比: 1.60
每日平均开仓个数: 2.34
平均持仓天数: 1.61 天
每单位风险期望收益:0.3487
策略总收益率: 280.92%
策略年化收益率: 283.74%
最大回撤: -11.44%
最大回撤阶段: 2025-04-24 至 2025-04-29
夏普比率: 3.35
策略超额年化收益率: 265.97%
最终净值: 3.8092
20260102 05:57:40- INFO- 回测信号参数: {'low': -5, 'high': -2.5, 'mv_min': 35, 'mv_max': 1000, 'prev_limit_status': ['断板', '炸板'], 'avg_limit_turnover_10_min': 0}
20260102 05:57:40- INFO- 回测时间区间: 2021-01-01 至 2026-01-02
20260102 05:57:40- INFO- 使用40个进程并行处理，共725个日期任务
20260102 06:00:38- INFO- 所有回测任务完成，共处理725个日期的结果
20260102 06:00:41- INFO- 总调整天数: 73, 调整正确率: 51.12%, 预计平均亏损改善: 2.3758%
20260102 06:00:41- INFO- 回测结果(不风控):
20260102 06:00:42- INFO- 
回测时间:2025-01-02 - 2025-12-31
策略胜率: 51.96%
策略盈亏比: 1.60
每日平均开仓个数: 2.34
平均持仓天数: 1.61 天
每单位风险期望收益:0.3497
策略总收益率: 275.83%
策略年化收益率: 278.58%
最大回撤: -12.65%
最大回撤阶段: 2025-02-25 至 2025-03-07
夏普比率: 3.26
策略超额年化收益率: 260.81%
最终净值: 3.7583
20260102 06:00:42- INFO- 回测结果(触及跌停风控):
20260102 06:00:42- INFO- 
回测时间:2025-01-02 - 2025-12-31
策略胜率: 53.21%
策略盈亏比: 1.61
每日平均开仓个数: 2.34
平均持仓天数: 1.61 天
每单位风险期望收益:0.3899
策略总收益率: 284.56%
策略年化收益率: 287.42%
最大回撤: -9.87%
最大回撤阶段: 2025-04-24 至 2025-04-25
夏普比率: 3.52
策略超额年化收益率: 269.65%
最终净值: 3.8456
20260102 06:00:42- INFO- 回测结果(买点下移风控):
20260102 06:00:43- INFO- 
回测时间:2025-01-02 - 2025-12-31
策略胜率: 51.90%
策略盈亏比: 1.60
每日平均开仓个数: 2.34
平均持仓天数: 1.61 天
每单位风险期望收益:0.3487
策略总收益率: 280.92%
策略年化收益率: 283.74%
最大回撤: -11.44%
最大回撤阶段: 2025-04-24 至 2025-04-29
夏普比率: 3.35
策略超额年化收益率: 265.97%
最终净值: 3.8092
20260102 06:06:21- INFO- 回测信号参数: {'low': -5, 'high': -2.5, 'mv_min': 35, 'mv_max': 1000, 'prev_limit_status': ['断板', '炸板'], 'avg_limit_turnover_10_min': -1}
20260102 06:06:22- INFO- 回测时间区间: 2021-01-01 至 2026-01-02
20260102 06:06:22- INFO- 使用40个进程并行处理，共826个日期任务
20260102 06:09:40- INFO- 所有回测任务完成，共处理826个日期的结果
20260102 06:09:43- INFO- 总调整天数: 98, 调整正确率: 56.68%, 预计平均亏损改善: 2.3788%
20260102 06:09:43- INFO- 回测结果(不风控):
20260102 06:09:44- INFO- 
回测时间:2025-01-02 - 2025-12-31

策略胜率: 51.75%
策略盈亏比: 1.65
每日平均开仓个数: 2.58
平均持仓天数: 1.62 天
每单位风险期望收益:0.3690
策略总收益率: 384.42%
策略年化收益率: 388.65%
最大回撤: -13.25%
最大回撤阶段: 2025-07-03 至 2025-07-21
夏普比率: 3.83
策略超额年化收益率: 370.88%
最终净值: 4.8442
20260102 06:09:44- INFO- 回测结果(触及跌停风控):
20260102 06:09:44- INFO- 
回测时间:2025-01-02 - 2025-12-31
策略胜率: 53.20%
策略盈亏比: 1.73
每日平均开仓个数: 2.58
平均持仓天数: 1.62 天
每单位风险期望收益:0.4539
策略总收益率: 417.80%
策略年化收益率: 422.51%
最大回撤: -9.87%
最大回撤阶段: 2025-04-24 至 2025-04-25
夏普比率: 4.27
策略超额年化收益率: 404.74%
最终净值: 5.1780
20260102 06:09:44- INFO- 回测结果(买点下移风控):
20260102 06:09:45- INFO- 
回测时间:2025-01-02 - 2025-12-31
策略胜率: 51.01%
策略盈亏比: 1.70
每日平均开仓个数: 2.58
平均持仓天数: 1.62 天
每单位风险期望收益:0.3788
策略总收益率: 386.90%
策略年化收益率: 391.17%
最大回撤: -10.56%
最大回撤阶段: 2025-02-25 至 2025-03-07
夏普比率: 3.92
策略超额年化收益率: 373.40%
最终净值: 4.8690
20260102 06:15:29- INFO- 回测信号参数: {'low': -5, 'high': -2.5, 'mv_min': 35, 'mv_max': 1000, 'prev_limit_status': ['断板', '炸板'], 'avg_limit_turnover_10_min': 5}
20260102 06:15:29- INFO- 回测时间区间: 2021-01-01 至 2026-01-02
20260102 06:15:30- INFO- 使用40个进程并行处理，共725个日期任务
20260102 06:18:29- INFO- 所有回测任务完成，共处理725个日期的结果
20260102 06:18:32- INFO- 总调整天数: 73, 调整正确率: 51.12%, 预计平均亏损改善: 2.3758%
20260102 06:18:32- INFO- 回测结果(不风控):
20260102 06:18:32- INFO- 
回测时间:2025-01-02 - 2025-12-31
策略胜率: 51.96%
策略盈亏比: 1.60
每日平均开仓个数: 2.34
平均持仓天数: 1.61 天
每单位风险期望收益:0.3497
策略总收益率: 275.83%
策略年化收益率: 278.58%
最大回撤: -12.65%
最大回撤阶段: 2025-02-25 至 2025-03-07
夏普比率: 3.26
策略超额年化收益率: 260.81%
最终净值: 3.7583
20260102 06:18:32- INFO- 回测结果(触及跌停风控):
20260102 06:18:33- INFO- 
回测时间:2025-01-02 - 2025-12-31
策略胜率: 53.21%
策略盈亏比: 1.61
每日平均开仓个数: 2.34
平均持仓天数: 1.61 天
每单位风险期望收益:0.3899
策略总收益率: 284.56%
策略年化收益率: 287.42%
最大回撤: -9.87%
最大回撤阶段: 2025-04-24 至 2025-04-25
夏普比率: 3.52
策略超额年化收益率: 269.65%
最终净值: 3.8456
20260102 06:18:33- INFO- 回测结果(买点下移风控):
20260102 06:18:33- INFO- 
回测时间:2025-01-02 - 2025-12-31
策略胜率: 51.90%
策略盈亏比: 1.60
每日平均开仓个数: 2.34
平均持仓天数: 1.61 天
每单位风险期望收益:0.3487
策略总收益率: 280.92%
策略年化收益率: 283.74%
最大回撤: -11.44%
最大回撤阶段: 2025-04-24 至 2025-04-29
夏普比率: 3.35
策略超额年化收益率: 265.97%
最终净值: 3.8092
20260102 17:55:25- INFO- 回测信号参数: {'low': -5, 'high': -2.5, 'mv_min': 35, 'mv_max': 1000, 'prev_limit_status': ['断板', '炸板'], 'avg_limit_turnover_10_min': -1}
20260102 17:55:29- INFO- 回测时间区间: 2021-01-01 至 2026-01-02
20260102 17:55:29- INFO- 使用40个进程并行处理，共826个日期任务
20260102 17:58:22- INFO- 所有回测任务完成，共处理826个日期的结果
20260102 17:58:25- INFO- 总调整天数: 66, 调整正确率: 55.49%, 预计平均亏损改善: 2.7111%
20260102 17:58:25- INFO- 回测结果(不风控):
20260102 17:58:26- INFO- 
回测时间:2025-01-02 - 2025-12-31
策略胜率: 49.22%
策略盈亏比: 1.53
每日平均开仓个数: 2.58
平均持仓天数: 1.62 天
每单位风险期望收益:0.2458
策略总收益率: 199.13%
策略年化收益率: 200.94%
最大回撤: -16.79%
最大回撤阶段: 2025-08-27 至 2025-09-26
夏普比率: 2.72
策略超额年化收益率: 183.17%
最终净值: 2.9913
20260102 17:58:27- INFO- 回测结果(触及跌停风控):
20260102 17:58:27- INFO- 
回测时间:2025-01-02 - 2025-12-31
策略胜率: 50.11%
策略盈亏比: 1.58
每日平均开仓个数: 2.58
平均持仓天数: 1.62 天
每单位风险期望收益:0.2902
策略总收益率: 238.98%
策略年化收益率: 241.27%
最大回撤: -11.68%
最大回撤阶段: 2025-08-12 至 2025-09-26
夏普比率: 3.19
策略超额年化收益率: 223.50%
最终净值: 3.3898
20260102 17:58:27- INFO- 回测结果(买点下移风控):
20260102 17:58:27- INFO- 
回测时间:2025-01-02 - 2025-12-31
策略胜率: 48.71%
策略盈亏比: 1.55
每日平均开仓个数: 2.58
平均持仓天数: 1.62 天
每单位风险期望收益:0.2443
策略总收益率: 207.09%
策略年化收益率: 208.99%
最大回撤: -14.48%
最大回撤阶段: 2025-08-12 至 2025-09-26
夏普比率: 2.83
策略超额年化收益率: 191.23%
最终净值: 3.0709
20260102 19:28:56- INFO- 回测信号参数: {'low': -5, 'high': -2.5, 'mv_min': 35, 'mv_max': 1000, 'prev_limit_status': ['断板', '炸板'], 'avg_limit_turnover_10_min': 5}
20260102 19:28:56- INFO- 回测时间区间: 2021-01-01 至 2026-01-02
20260102 19:28:57- INFO- 使用40个进程并行处理，共725个日期任务
20260102 19:31:14- INFO- 所有回测任务完成，共处理725个日期的结果
20260102 19:31:16- INFO- 总调整天数: 54, 调整正确率: 55.56%, 预计平均亏损改善: 2.6252%
20260102 19:31:16- INFO- 回测结果(不风控):
20260102 19:31:16- INFO- 
回测时间:2025-01-02 - 2025-12-31
策略胜率: 49.42%
策略盈亏比: 1.48
每日平均开仓个数: 2.34
平均持仓天数: 1.61 天
每单位风险期望收益:0.2280
策略总收益率: 140.21%
策略年化收益率: 141.37%
最大回撤: -15.50%
最大回撤阶段: 2025-08-12 至 2025-10-27
夏普比率: 2.22
策略超额年化收益率: 123.60%
最终净值: 2.4021
20260102 19:31:16- INFO- 回测结果(触及跌停风控):
20260102 19:31:17- INFO- 
回测时间:2025-01-02 - 2025-12-31
策略胜率: 50.38%
策略盈亏比: 1.50
每日平均开仓个数: 2.34
平均持仓天数: 1.61 天
每单位风险期望收益:0.2588
策略总收益率: 154.90%
策略年化收益率: 156.22%
最大回撤: -11.83%
最大回撤阶段: 2025-07-03 至 2025-08-05
夏普比率: 2.50
策略超额年化收益率: 138.45%
最终净值: 2.5490
20260102 19:31:17- INFO- 回测结果(买点下移风控):
20260102 19:31:17- INFO- 
回测时间:2025-01-02 - 2025-12-31
策略胜率: 48.93%
策略盈亏比: 1.50
每日平均开仓个数: 2.34
平均持仓天数: 1.61 天
每单位风险期望收益:0.2241
策略总收益率: 143.99%
策略年化收益率: 145.19%
最大回撤: -14.78%
最大回撤阶段: 2025-08-12 至 2025-10-27
夏普比率: 2.29
策略超额年化收益率: 127.42%
最终净值: 2.4399
20260102 21:15:10- INFO- 回测信号参数: {'low': -5, 'high': -2.5, 'mv_min': 35, 'mv_max': 1000, 'prev_limit_status': ['断板', '炸板'], 'avg_limit_turnover_10_min': -1}
20260102 21:15:10- INFO- 回测时间区间: 2021-01-01 至 2026-01-02
20260102 21:15:10- INFO- 使用40个进程并行处理，共826个日期任务
20260102 21:17:54- INFO- 所有回测任务完成，共处理826个日期的结果
20260102 21:17:56- INFO- 总调整天数: 66, 调整正确率: 55.49%, 预计平均亏损改善: 2.7111%
20260102 21:17:56- INFO- 回测结果(不风控):
20260102 21:17:58- INFO- 
回测时间:2025-01-02 - 2025-12-31
策略胜率: 49.22%
策略盈亏比: 1.53
每日平均开仓个数: 2.58
平均持仓天数: 1.62 天
每单位风险期望收益:0.2458
策略总收益率: 199.13%
策略年化收益率: 200.94%
最大回撤: -16.79%
最大回撤阶段: 2025-08-27 至 2025-09-26
夏普比率: 2.72
策略超额年化收益率: 183.17%
最终净值: 2.9913
20260102 21:17:58- INFO- 回测结果(触及跌停风控):
20260102 21:17:59- INFO- 
回测时间:2025-01-02 - 2025-12-31
策略胜率: 50.11%
策略盈亏比: 1.58
每日平均开仓个数: 2.58
平均持仓天数: 1.62 天
每单位风险期望收益:0.2902
策略总收益率: 238.98%
策略年化收益率: 241.27%
最大回撤: -11.68%
最大回撤阶段: 2025-08-12 至 2025-09-26
夏普比率: 3.19
策略超额年化收益率: 223.50%
最终净值: 3.3898
20260102 21:17:59- INFO- 回测结果(买点下移风控):
20260102 21:18:02- INFO- 
回测时间:2025-01-02 - 2025-12-31
策略胜率: 48.71%
策略盈亏比: 1.55
每日平均开仓个数: 2.58
平均持仓天数: 1.62 天
每单位风险期望收益:0.2443
策略总收益率: 207.09%
策略年化收益率: 208.99%
最大回撤: -14.48%
最大回撤阶段: 2025-08-12 至 2025-09-26
夏普比率: 2.83
策略超额年化收益率: 191.23%
最终净值: 3.0709
20260103 23:56:01- INFO- 回测信号参数: {'low': -5, 'high': -2.5, 'mv_min': 35, 'mv_max': 1000, 'prev_limit_status': ['断板', '炸板'], 'avg_limit_turnover_5_min': 4}
20260103 23:56:01- INFO- 回测时间区间: 2021-01-01 至 2026-01-03
20260103 23:56:02- INFO- 使用40个进程并行处理，共758个日期任务
20260103 23:58:39- INFO- 所有回测任务完成，共处理758个日期的结果
20260103 23:58:42- INFO- 总调整天数: 57, 调整正确率: 50.00%, 预计平均亏损改善: 2.8500%
20260103 23:58:42- INFO- 回测结果(不风控):
20260103 23:58:44- INFO- 
回测时间:2025-01-02 - 2025-12-31
策略胜率: 50.22%
策略盈亏比: 1.49
每日平均开仓个数: 2.43
平均持仓天数: 1.62 天
每单位风险期望收益:0.2503
策略总收益率: 137.73%
策略年化收益率: 138.86%
最大回撤: -19.92%
最大回撤阶段: 2025-08-27 至 2025-10-27
夏普比率: 2.24
策略超额年化收益率: 121.10%
最终净值: 2.3773
20260103 23:58:44- INFO- 回测结果(触及跌停风控):
20260103 23:58:45- INFO- 
回测时间:2025-01-02 - 2025-12-31
策略胜率: 51.07%
策略盈亏比: 1.50
每日平均开仓个数: 2.43
平均持仓天数: 1.62 天
每单位风险期望收益:0.2770
策略总收益率: 145.20%
策略年化收益率: 146.41%
最大回撤: -13.06%
最大回撤阶段: 2025-08-12 至 2025-10-27
夏普比率: 2.46
策略超额年化收益率: 128.64%
最终净值: 2.4520
20260103 23:58:45- INFO- 回测结果(买点下移风控):
20260103 23:58:45- INFO- 
回测时间:2025-01-02 - 2025-12-31
策略胜率: 49.66%
策略盈亏比: 1.50
每日平均开仓个数: 2.43
平均持仓天数: 1.62 天
每单位风险期望收益:0.2433
策略总收益率: 136.71%
策略年化收益率: 137.84%
最大回撤: -18.07%
最大回撤阶段: 2025-08-12 至 2025-10-27
夏普比率: 2.26
策略超额年化收益率: 120.07%
最终净值: 2.3671
20260104 03:33:08- INFO- 回测信号参数: {'low': -5, 'high': -2.5, 'mv_min': 35, 'mv_max': 1000, 'prev_limit_status': ['断板', '炸板'], 'avg_limit_turnover_20_min': 4}
20260104 03:33:12- INFO- 回测时间区间: 2021-01-01 至 2026-01-04
20260104 03:33:13- INFO- 使用40个进程并行处理，共757个日期任务
20260104 03:35:52- INFO- 所有回测任务完成，共处理757个日期的结果
20260104 03:35:54- INFO- 总调整天数: 54, 调整正确率: 51.56%, 预计平均亏损改善: 2.7849%
20260104 03:35:54- INFO- 回测结果(不风控):
20260104 03:35:56- INFO- 
回测时间:2025-01-02 - 2025-12-31
策略胜率: 49.68%
策略盈亏比: 1.49
每日平均开仓个数: 2.44
平均持仓天数: 1.62 天
每单位风险期望收益:0.2366
策略总收益率: 130.88%
策略年化收益率: 131.95%
最大回撤: -19.44%
最大回撤阶段: 2025-08-27 至 2025-10-27
夏普比率: 2.17
策略超额年化收益率: 114.18%
最终净值: 2.3088
20260104 03:35:57- INFO- 回测结果(触及跌停风控):
20260104 03:35:57- INFO- 
回测时间:2025-01-02 - 2025-12-31
策略胜率: 50.35%
策略盈亏比: 1.50
每日平均开仓个数: 2.44
平均持仓天数: 1.62 天
每单位风险期望收益:0.2574
策略总收益率: 138.93%
策略年化收益率: 140.08%
最大回撤: -12.82%
最大回撤阶段: 2025-07-03 至 2025-08-06
夏普比率: 2.39
策略超额年化收益率: 122.31%
最终净值: 2.3893
20260104 03:35:57- INFO- 回测结果(买点下移风控):
20260104 03:35:57- INFO- 
回测时间:2025-01-02 - 2025-12-31
策略胜率: 49.02%
策略盈亏比: 1.50
每日平均开仓个数: 2.44
平均持仓天数: 1.62 天
每单位风险期望收益:0.2257
策略总收益率: 129.90%
策略年化收益率: 130.96%
最大回撤: -17.19%
最大回撤阶段: 2025-08-12 至 2025-10-27
夏普比率: 2.19
策略超额年化收益率: 113.19%
最终净值: 2.2990
20260104 03:42:38- INFO- 回测信号参数: {'low': -5, 'high': -2.5, 'mv_min': 35, 'mv_max': 1000, 'prev_limit_status': ['断板', '炸板'], 'avg_limit_turnover_20_min': 4}
20260104 03:42:38- INFO- 回测时间区间: 2021-01-01 至 2026-01-04
20260104 03:42:39- INFO- 使用40个进程并行处理，共1041个日期任务
20260104 03:46:13- INFO- 所有回测任务完成，共处理1041个日期的结果
20260104 03:46:16- INFO- 总调整天数: 53, 调整正确率: 59.28%, 预计平均亏损改善: 2.4202%
20260104 03:46:16- INFO- 回测结果(不风控):
20260104 03:46:16- INFO- 
回测时间:2025-01-02 - 2025-12-31
策略胜率: 48.35%
策略盈亏比: 1.44
每日平均开仓个数: 4.45
平均持仓天数: 1.60 天
每单位风险期望收益:0.1780
策略总收益率: 80.36%
策略年化收益率: 80.94%
最大回撤: -15.35%
最大回撤阶段: 2025-07-03 至 2025-08-05
夏普比率: 1.96
策略超额年化收益率: 63.17%
最终净值: 1.8036
20260104 03:46:17- INFO- 回测结果(触及跌停风控):
20260104 03:46:17- INFO- 
回测时间:2025-01-02 - 2025-12-31
策略胜率: 49.19%
策略盈亏比: 1.51
每日平均开仓个数: 4.45
平均持仓天数: 1.60 天
每单位风险期望收益:0.2349
策略总收益率: 121.10%
策略年化收益率: 122.07%
最大回撤: -14.07%
最大回撤阶段: 2025-07-03 至 2025-08-05
夏普比率: 2.67
策略超额年化收益率: 104.30%
最终净值: 2.2110
20260104 03:46:17- INFO- 回测结果(买点下移风控):
20260104 03:46:17- INFO- 
回测时间:2025-01-02 - 2025-12-31
策略胜率: 48.36%
策略盈亏比: 1.46
每日平均开仓个数: 4.45
平均持仓天数: 1.60 天
每单位风险期望收益:0.1919
策略总收益率: 87.50%
策略年化收益率: 88.15%
最大回撤: -14.59%
最大回撤阶段: 2025-07-03 至 2025-08-05
夏普比率: 2.10
策略超额年化收益率: 70.38%
最终净值: 1.8750
20260104 22:41:44- INFO- 回测信号参数: {'low': -5, 'high': -2.5, 'mv_min': 35, 'mv_max': 1000, 'prev_limit_status': ['断板', '炸板'], 'avg_limit_turnover_5_min': 4}
20260104 22:41:44- INFO- 回测时间区间: 2021-01-01 至 2026-01-04
20260104 22:41:45- INFO- 使用40个进程并行处理，共758个日期任务
20260104 22:44:21- INFO- 所有回测任务完成，共处理758个日期的结果
20260104 22:44:24- INFO- 总调整天数: 56, 调整正确率: 50.41%, 预计平均亏损改善: 2.7056%
20260104 22:44:24- INFO- 回测结果(不风控):
20260104 22:46:15- INFO- 总调整天数: 56, 调整正确率: 50.41%, 预计平均亏损改善: 2.7056%
20260104 22:46:15- INFO- 回测结果(不风控):
20260104 22:46:18- INFO- 
回测时间:2025-01-02 - 2025-12-31
策略胜率: 50.22%
策略盈亏比: 1.52
每日平均开仓个数: 2.43
平均持仓天数: 1.58 天
每单位风险期望收益:0.2647
策略总收益率: 145.67%
策略年化收益率: 146.89%
最大回撤: -19.15%
最大回撤阶段: 2025-08-27 至 2025-10-27
夏普比率: 2.33
策略超额年化收益率: 129.12%
最终净值: 2.4567
20260104 22:46:18- INFO- 回测结果(触及跌停风控):
20260104 22:46:21- INFO- 
回测时间:2025-01-02 - 2025-12-31
策略胜率: 50.95%
策略盈亏比: 1.50
每日平均开仓个数: 2.43
平均持仓天数: 1.58 天
每单位风险期望收益:0.2716
策略总收益率: 141.10%
策略年化收益率: 142.28%
最大回撤: -15.42%
最大回撤阶段: 2025-08-12 至 2025-10-27
夏普比率: 2.41
策略超额年化收益率: 124.51%
最终净值: 2.4110
20260104 22:46:22- INFO- 回测结果(买点下移风控):
20260104 22:47:16- INFO- 总调整天数: 56, 调整正确率: 50.41%, 预计平均亏损改善: 2.7056%
20260104 22:47:16- INFO- 回测结果(不风控):
20260104 22:47:19- INFO- 
回测时间:2025-01-02 - 2025-12-31
策略胜率: 50.22%
策略盈亏比: 1.52
每日平均开仓个数: 2.43
平均持仓天数: 1.58 天
每单位风险期望收益:0.2647
策略总收益率: 145.67%
策略年化收益率: 146.89%
最大回撤: -19.15%
最大回撤阶段: 2025-08-27 至 2025-10-27
夏普比率: 2.33
策略超额年化收益率: 129.12%
最终净值: 2.4567
20260104 22:47:19- INFO- 回测结果(触及跌停风控):
20260104 23:27:28- INFO- 回测信号参数: {'low': -5, 'high': -2.5, 'mv_min': 35, 'mv_max': 1000, 'prev_limit_status': ['断板', '炸板'], 'avg_limit_turnover_5_min': -1}
20260104 23:27:29- INFO- 回测时间区间: 2021-01-01 至 2026-01-04
20260104 23:27:29- INFO- 使用40个进程并行处理，共826个日期任务
20260104 23:30:27- INFO- 所有回测任务完成，共处理826个日期的结果
20260104 23:30:30- INFO- 总调整天数: 64, 调整正确率: 55.29%, 预计平均亏损改善: 2.6926%
20260104 23:30:30- INFO- 回测结果(不风控):
20260104 23:30:31- INFO- 
回测时间:2025-01-02 - 2025-12-31
策略胜率: 49.22%
策略盈亏比: 1.56
每日平均开仓个数: 2.58
平均持仓天数: 1.58 天
每单位风险期望收益:0.2604
策略总收益率: 211.40%
策略年化收益率: 213.36%
最大回撤: -16.30%
最大回撤阶段: 2025-08-27 至 2025-09-26
夏普比率: 2.83
策略超额年化收益率: 195.59%
最终净值: 3.1140
20260104 23:30:31- INFO- 回测结果(触及跌停风控):
20260104 23:31:45- INFO- 总调整天数: 64, 调整正确率: 55.29%, 预计平均亏损改善: 2.6926%
20260104 23:31:45- INFO- 回测结果(不风控):
20260104 23:32:01- INFO- 总调整天数: 64, 调整正确率: 55.29%, 预计平均亏损改善: 2.6926%
20260104 23:32:01- INFO- 回测结果(不风控):
20260105 00:21:30- INFO- 回测信号参数: {'low': -5, 'high': -2.5, 'mv_min': 35, 'mv_max': 1000, 'prev_limit_status': ['断板', '炸板'], 'avg_limit_turnover_5_min': -1}
20260105 00:21:31- INFO- 回测时间区间: 2021-01-01 至 2026-01-05
20260105 00:21:31- INFO- 使用40个进程并行处理，共826个日期任务
20260105 00:24:29- INFO- 所有回测任务完成，共处理826个日期的结果
20260105 00:24:31- INFO- 总调整天数: 64, 调整正确率: 55.29%, 预计平均亏损改善: 2.6926%
20260105 00:24:31- INFO- 回测结果(不风控):
20260105 21:37:59- INFO- 回测信号参数: {'low': -5, 'high': -2.5, 'mv_min': 35, 'mv_max': 1000, 'prev_limit_status': ['断板', '炸板'], 'avg_limit_turnover_5_min': -1}
20260105 21:38:00- INFO- 回测时间区间: 2021-01-01 至 2026-01-05
20260105 21:38:01- INFO- 使用40个进程并行处理，共826个日期任务
20260105 21:41:00- INFO- 所有回测任务完成，共处理826个日期的结果
20260105 21:41:03- INFO- 总调整天数: 67, 调整正确率: 56.74%, 预计平均亏损改善: 2.6280%
20260105 21:41:03- INFO- 回测结果(不风控):
20260105 22:01:34- INFO- 回测信号参数: {'low': -5, 'high': -2.5, 'mv_min': 35, 'mv_max': 1000, 'prev_limit_status': ['断板', '炸板'], 'avg_limit_turnover_5_min': -1}
20260105 22:01:35- INFO- 回测时间区间: 2021-01-01 至 2026-01-05
20260105 22:01:35- INFO- 使用40个进程并行处理，共826个日期任务
20260105 22:04:53- INFO- 所有回测任务完成，共处理826个日期的结果
20260105 22:04:56- INFO- 总调整天数: 66, 调整正确率: 55.49%, 预计平均亏损改善: 2.7111%
20260105 22:04:56- INFO- 回测结果(不风控):
20260105 22:18:10- INFO- 回测信号参数: {'low': -5, 'high': -2.5, 'mv_min': 35, 'mv_max': 1000, 'prev_limit_status': ['断板', '炸板'], 'avg_limit_turnover_5_min': -1}
20260105 22:18:11- INFO- 回测时间区间: 2021-01-01 至 2026-01-05
20260105 22:18:11- INFO- 使用40个进程并行处理，共826个日期任务
20260105 22:21:11- INFO- 所有回测任务完成，共处理826个日期的结果
20260105 22:21:13- INFO- 总调整天数: 66, 调整正确率: 55.49%, 预计平均亏损改善: 2.7111%
20260105 22:21:13- INFO- 回测结果(不风控):
20260105 22:21:14- INFO- 
回测时间:2025-01-02 - 2026-01-05
策略胜率: 49.22%
策略盈亏比: 1.53
每日平均开仓个数: 2.58
平均持仓天数: 1.62 天
每单位风险期望收益:0.2458
策略总收益率: 199.13%
策略年化收益率: 196.47%
最大回撤: -16.79%
最大回撤阶段: 2025-08-27 至 2025-09-26
夏普比率: 2.72
策略超额年化收益率: 173.36%
最终净值: 2.9913
20260105 22:21:14- INFO- 回测结果(触及跌停风控):
20260105 22:21:14- INFO- 
回测时间:2025-01-02 - 2026-01-05
策略胜率: 50.11%
策略盈亏比: 1.58
每日平均开仓个数: 2.58
平均持仓天数: 1.62 天
每单位风险期望收益:0.2902
策略总收益率: 238.98%
策略年化收益率: 235.62%
最大回撤: -11.68%
最大回撤阶段: 2025-08-12 至 2025-09-26
夏普比率: 3.18
策略超额年化收益率: 212.51%
最终净值: 3.3898
20260105 22:21:14- INFO- 回测结果(买点下移风控):
20260105 22:21:14- INFO- 
回测时间:2025-01-02 - 2026-01-05
策略胜率: 48.71%
策略盈亏比: 1.55
每日平均开仓个数: 2.58
平均持仓天数: 1.62 天
每单位风险期望收益:0.2443
策略总收益率: 207.09%
策略年化收益率: 204.29%
最大回撤: -14.48%
最大回撤阶段: 2025-08-12 至 2025-09-26
夏普比率: 2.83
策略超额年化收益率: 181.18%
最终净值: 3.0709
20260106 00:24:00- INFO- 
回测时间:2025-01-02 - 2026-01-05
策略胜率: 49.22%
策略盈亏比: 1.53
每日平均开仓个数: 2.58
平均持仓天数: 1.62 天
每单位风险期望收益:0.2458
策略总收益率: 199.13%
策略年化收益率: 196.47%
最大回撤: -16.79%
最大回撤阶段: 2025-08-27 至 2025-09-26
夏普比率: 2.72
策略超额年化收益率: 173.36%
最终净值: 2.9913
20260106 00:24:00- INFO- 回测结果(触及跌停风控):
20260106 00:24:00- INFO- 
回测时间:2025-01-02 - 2026-01-05
策略胜率: 49.78%
策略盈亏比: 1.61
每日平均开仓个数: 2.58
平均持仓天数: 1.62 天
每单位风险期望收益:0.3000
策略总收益率: 224.02%
策略年化收益率: 220.93%
最大回撤: -14.17%
最大回撤阶段: 2025-04-10 至 2025-05-22
夏普比率: 3.11
策略超额年化收益率: 197.82%
最终净值: 3.2402
20260106 00:24:00- INFO- 回测结果(买点下移风控):
20260106 00:24:00- INFO- 
回测时间:2025-01-02 - 2026-01-05
策略胜率: 48.08%
策略盈亏比: 1.58
每日平均开仓个数: 2.58
平均持仓天数: 1.62 天
每单位风险期望收益:0.2422
策略总收益率: 193.49%
策略年化收益率: 190.92%
最大回撤: -13.87%
最大回撤阶段: 2025-06-27 至 2025-07-21
夏普比率: 2.74
策略超额年化收益率: 167.81%
最终净值: 2.9349
20260106 00:25:23- INFO- 总调整天数: 84, 调整正确率: 58.90%, 预计平均亏损改善: 2.6998%
20260106 00:25:23- INFO- 回测结果(不风控):
20260106 00:25:23- INFO- 
回测时间:2025-01-02 - 2026-01-05
策略胜率: 49.22%
策略盈亏比: 1.53
每日平均开仓个数: 2.58
平均持仓天数: 1.62 天
每单位风险期望收益:0.2458
策略总收益率: 199.13%
策略年化收益率: 196.47%
最大回撤: -16.79%
最大回撤阶段: 2025-08-27 至 2025-09-26
夏普比率: 2.72
策略超额年化收益率: 173.36%
最终净值: 2.9913
20260106 00:25:23- INFO- 回测结果(触及跌停风控):
20260106 00:25:23- INFO- 
回测时间:2025-01-02 - 2026-01-05
策略胜率: 49.78%
策略盈亏比: 1.59
每日平均开仓个数: 2.58
平均持仓天数: 1.62 天
每单位风险期望收益:0.2895
策略总收益率: 228.71%
策略年化收益率: 225.54%
最大回撤: -11.68%
最大回撤阶段: 2025-08-12 至 2025-09-26
夏普比率: 3.11
策略超额年化收益率: 202.43%
最终净值: 3.2871
20260106 00:25:24- INFO- 回测结果(买点下移风控):
20260106 00:25:24- INFO- 
回测时间:2025-01-02 - 2026-01-05
策略胜率: 48.29%
策略盈亏比: 1.57
每日平均开仓个数: 2.58
平均持仓天数: 1.62 天
每单位风险期望收益:0.2432
策略总收益率: 198.19%
策略年化收益率: 195.54%
最大回撤: -14.48%
最大回撤阶段: 2025-08-12 至 2025-09-26
夏普比率: 2.77
策略超额年化收益率: 172.43%
最终净值: 2.9819
20260106 00:27:02- INFO- 总调整天数: 77, 调整正确率: 57.29%, 预计平均亏损改善: 2.6401%
20260106 00:27:02- INFO- 回测结果(不风控):
20260106 00:27:02- INFO- 
回测时间:2025-01-02 - 2026-01-05
策略胜率: 49.22%
策略盈亏比: 1.53
每日平均开仓个数: 2.58
平均持仓天数: 1.62 天
每单位风险期望收益:0.2458
策略总收益率: 199.13%
策略年化收益率: 196.47%
最大回撤: -16.79%
最大回撤阶段: 2025-08-27 至 2025-09-26
夏普比率: 2.72
策略超额年化收益率: 173.36%
最终净值: 2.9913
20260106 00:27:02- INFO- 回测结果(触及跌停风控):
20260106 00:27:02- INFO- 
回测时间:2025-01-02 - 2026-01-05
策略胜率: 50.00%
策略盈亏比: 1.59
每日平均开仓个数: 2.58
平均持仓天数: 1.62 天
每单位风险期望收益:0.2957
策略总收益率: 241.36%
策略年化收益率: 237.96%
最大回撤: -11.68%
最大回撤阶段: 2025-08-12 至 2025-09-26
夏普比率: 3.20
策略超额年化收益率: 214.85%
最终净值: 3.4136
20260106 00:27:02- INFO- 回测结果(买点下移风控):
20260106 00:27:02- INFO- 
回测时间:2025-01-02 - 2026-01-05
策略胜率: 48.50%
策略盈亏比: 1.58
每日平均开仓个数: 2.58
平均持仓天数: 1.62 天
每单位风险期望收益:0.2490
策略总收益率: 209.66%
策略年化收益率: 206.82%
最大回撤: -14.48%
最大回撤阶段: 2025-08-12 至 2025-09-26
夏普比率: 2.85
策略超额年化收益率: 183.71%
最终净值: 3.0966
20260106 13:22:13- INFO- 回测信号参数: {'low': -5, 'high': -2.5, 'mv_min': 35, 'mv_max': 1000, 'prev_limit_status': ['断板', '炸板'], 'avg_limit_turnover_5_min': -1}
20260106 13:22:17- INFO- 回测时间区间: 2021-01-01 至 2026-01-06
20260106 13:22:17- INFO- 使用40个进程并行处理，共826个日期任务
20260106 13:25:06- INFO- 所有回测任务完成，共处理826个日期的结果
20260106 13:25:08- INFO- 总调整天数: 77, 调整正确率: 57.29%, 预计平均亏损改善: 2.6401%
20260106 13:25:08- INFO- 回测结果(不风控):
20260106 13:25:12- INFO- 
回测时间:2025-01-02 - 2026-01-05
策略胜率: 49.22%
策略盈亏比: 1.53
每日平均开仓个数: 2.58
平均持仓天数: 1.62 天
每单位风险期望收益:0.2458
策略总收益率: 199.13%
策略年化收益率: 196.47%
最大回撤: -16.79%
最大回撤阶段: 2025-08-27 至 2025-09-26
夏普比率: 2.72
策略超额年化收益率: 173.36%
最终净值: 2.9913
20260106 13:25:13- INFO- 回测结果(触及跌停风控):
20260106 13:25:13- INFO- 
回测时间:2025-01-02 - 2026-01-05
策略胜率: 50.00%
策略盈亏比: 1.59
每日平均开仓个数: 2.58
平均持仓天数: 1.62 天
每单位风险期望收益:0.2957
策略总收益率: 241.36%
策略年化收益率: 237.96%
最大回撤: -11.68%
最大回撤阶段: 2025-08-12 至 2025-09-26
夏普比率: 3.20
策略超额年化收益率: 214.85%
最终净值: 3.4136
20260106 13:25:13- INFO- 回测结果(买点下移风控):
20260106 13:25:13- INFO- 
回测时间:2025-01-02 - 2026-01-05
策略胜率: 48.50%
策略盈亏比: 1.58
每日平均开仓个数: 2.58
平均持仓天数: 1.62 天
每单位风险期望收益:0.2490
策略总收益率: 209.66%
策略年化收益率: 206.82%
最大回撤: -14.48%
最大回撤阶段: 2025-08-12 至 2025-09-26
夏普比率: 2.85
策略超额年化收益率: 183.71%
最终净值: 3.0966
20260106 13:27:58- INFO- 回测信号参数: {'low': -5, 'high': -2.5, 'mv_min': 35, 'mv_max': 1000, 'prev_limit_status': ['断板', '炸板'], 'avg_limit_turnover_5_min': -1}
20260106 13:27:58- INFO- 回测时间区间: 2021-01-01 至 2026-01-06
20260106 13:27:58- INFO- 使用40个进程并行处理，共826个日期任务
20260106 13:30:55- INFO- 所有回测任务完成，共处理826个日期的结果
20260106 13:30:57- INFO- 总调整天数: 77, 调整正确率: 57.29%, 预计平均亏损改善: 2.6401%
20260106 13:30:57- INFO- 回测结果(不风控):
20260106 13:30:59- INFO- 
回测时间:2025-01-02 - 2026-01-05
策略胜率: 49.22%
策略盈亏比: 1.53
每日平均开仓个数: 2.58
平均持仓天数: 1.62 天
每单位风险期望收益:0.2458
策略总收益率: 199.13%
策略年化收益率: 196.47%
最大回撤: -16.79%
最大回撤阶段: 2025-08-27 至 2025-09-26
夏普比率: 2.72
策略超额年化收益率: 173.36%
最终净值: 2.9913
20260106 13:30:59- INFO- 回测结果(触及跌停风控):
20260106 13:30:59- INFO- 
回测时间:2025-01-02 - 2026-01-05
策略胜率: 50.00%
策略盈亏比: 1.59
每日平均开仓个数: 2.58
平均持仓天数: 1.62 天
每单位风险期望收益:0.2957
策略总收益率: 241.36%
策略年化收益率: 237.96%
最大回撤: -11.68%
最大回撤阶段: 2025-08-12 至 2025-09-26
夏普比率: 3.20
策略超额年化收益率: 214.85%
最终净值: 3.4136
20260106 13:31:00- INFO- 回测结果(买点下移风控):
20260106 13:31:00- INFO- 
回测时间:2025-01-02 - 2026-01-05
策略胜率: 48.50%
策略盈亏比: 1.58
每日平均开仓个数: 2.58
平均持仓天数: 1.62 天
每单位风险期望收益:0.2490
策略总收益率: 209.66%
策略年化收益率: 206.82%
最大回撤: -14.48%
最大回撤阶段: 2025-08-12 至 2025-09-26
夏普比率: 2.85
策略超额年化收益率: 183.71%
最终净值: 3.0966
20260106 13:41:09- INFO- 回测信号参数: {'low': -5, 'high': -2.5, 'mv_min': 35, 'mv_max': 1000, 'prev_limit_status': ['断板', '炸板'], 'avg_limit_turnover_5_min': -1}
20260106 13:41:09- INFO- 回测时间区间: 2021-01-01 至 2026-01-06
20260106 13:41:10- INFO- 使用40个进程并行处理，共882个日期任务
20260106 13:44:24- INFO- 所有回测任务完成，共处理882个日期的结果
20260106 13:44:27- INFO- 总调整天数: 68, 调整正确率: 57.71%, 预计平均亏损改善: 2.6337%
20260106 13:44:27- INFO- 回测结果(不风控):
20260106 13:44:28- INFO- 
回测时间:2025-01-02 - 2026-01-05
策略胜率: 47.40%
策略盈亏比: 1.51
每日平均开仓个数: 2.95
平均持仓天数: 1.63 天
每单位风险期望收益:0.1921
策略总收益率: 99.64%
策略年化收益率: 98.52%
最大回撤: -22.39%
最大回撤阶段: 2025-02-25 至 2025-05-22
夏普比率: 1.90
策略超额年化收益率: 75.41%
最终净值: 1.9964
20260106 13:44:28- INFO- 回测结果(触及跌停风控):
20260106 13:44:28- INFO- 
回测时间:2025-01-02 - 2026-01-05
策略胜率: 47.08%
策略盈亏比: 1.58
每日平均开仓个数: 2.95
平均持仓天数: 1.63 天
每单位风险期望收益:0.2165
策略总收益率: 139.23%
策略年化收益率: 137.53%
最大回撤: -15.87%
最大回撤阶段: 2025-04-24 至 2025-05-22
夏普比率: 2.50
策略超额年化收益率: 114.42%
最终净值: 2.3923
20260106 13:44:28- INFO- 回测结果(买点下移风控):
20260106 13:44:29- INFO- 
回测时间:2025-01-02 - 2026-01-05
策略胜率: 45.67%
策略盈亏比: 1.55
每日平均开仓个数: 2.95
平均持仓天数: 1.63 天
每单位风险期望收益:0.1625
策略总收益率: 93.14%
策略年化收益率: 92.11%
最大回撤: -22.38%
最大回撤阶段: 2025-02-20 至 2025-05-22
夏普比率: 1.86
策略超额年化收益率: 69.00%
最终净值: 1.9314
20260106 13:59:37- INFO- 回测信号参数: {'low': -5, 'high': -2.5, 'mv_min': 35, 'mv_max': 1000, 'prev_limit_status': ['断板', '炸板'], 'avg_limit_turnover_5_min': -1}
20260106 13:59:38- INFO- 回测时间区间: 2021-01-01 至 2026-01-06
20260106 13:59:38- INFO- 使用40个进程并行处理，共826个日期任务
20260106 14:02:26- INFO- 所有回测任务完成，共处理826个日期的结果
20260106 14:02:29- INFO- 总调整天数: 77, 调整正确率: 57.29%, 预计平均亏损改善: 2.6401%
20260106 14:02:29- INFO- 回测结果(不风控):
20260106 14:02:29- INFO- 
回测时间:2025-01-02 - 2026-01-05
策略胜率: 49.22%
策略盈亏比: 1.53
每日平均开仓个数: 2.58
平均持仓天数: 1.62 天
每单位风险期望收益:0.2458
策略总收益率: 199.13%
策略年化收益率: 196.47%
最大回撤: -16.79%
最大回撤阶段: 2025-08-27 至 2025-09-26
夏普比率: 2.72
策略超额年化收益率: 173.36%
最终净值: 2.9913
20260106 14:02:29- INFO- 回测结果(触及跌停风控):
20260106 14:02:29- INFO- 
回测时间:2025-01-02 - 2026-01-05
策略胜率: 50.00%
策略盈亏比: 1.59
每日平均开仓个数: 2.58
平均持仓天数: 1.62 天
每单位风险期望收益:0.2957
策略总收益率: 241.36%
策略年化收益率: 237.96%
最大回撤: -11.68%
最大回撤阶段: 2025-08-12 至 2025-09-26
夏普比率: 3.20
策略超额年化收益率: 214.85%
最终净值: 3.4136
20260106 14:02:29- INFO- 回测结果(买点下移风控):
20260106 14:02:29- INFO- 
回测时间:2025-01-02 - 2026-01-05
策略胜率: 48.50%
策略盈亏比: 1.58
每日平均开仓个数: 2.58
平均持仓天数: 1.62 天
每单位风险期望收益:0.2490
策略总收益率: 209.66%
策略年化收益率: 206.82%
最大回撤: -14.48%
最大回撤阶段: 2025-08-12 至 2025-09-26
夏普比率: 2.85
策略超额年化收益率: 183.71%
最终净值: 3.0966
20260107 22:49:48- INFO- 回测信号参数: {'low': -5, 'high': -2.5, 'mv_min': 35, 'mv_max': 1000, 'prev_limit_status': ['断板', '炸板'], 'avg_limit_turnover_5_min': -1}
20260107 22:49:48- INFO- 回测时间区间: 2021-01-01 至 2026-01-07
20260107 22:49:48- INFO- 使用40个进程并行处理，共829个日期任务
20260107 22:52:25- INFO- 所有回测任务完成，共处理829个日期的结果
20260107 22:52:28- INFO- 总调整天数: 77, 调整正确率: 57.29%, 预计平均亏损改善: 2.6401%
20260107 22:52:28- INFO- 回测结果(不风控):
20260107 22:52:28- INFO- 
回测时间:2025-01-02 - 2026-01-07
策略胜率: 50.28%
策略盈亏比: 1.53
每日平均开仓个数: 2.63
平均持仓天数: 1.62 天
每单位风险期望收益:0.2739
策略总收益率: 215.25%
策略年化收益率: 210.39%
最大回撤: -16.79%
最大回撤阶段: 2025-08-27 至 2025-09-26
夏普比率: 2.82
策略超额年化收益率: 185.54%
最终净值: 3.1525
20260107 22:52:28- INFO- 回测结果(触及跌停风控):
20260107 22:52:28- INFO- 
回测时间:2025-01-02 - 2026-01-07
策略胜率: 51.14%
策略盈亏比: 1.59
每日平均开仓个数: 2.63
平均持仓天数: 1.62 天
每单位风险期望收益:0.3265
策略总收益率: 259.75%
策略年化收益率: 253.58%
最大回撤: -11.68%
最大回撤阶段: 2025-08-12 至 2025-09-26
夏普比率: 3.31
策略超额年化收益率: 228.73%
最终净值: 3.5975
20260107 22:52:29- INFO- 回测结果(买点下移风控):
20260107 22:52:29- INFO- 
回测时间:2025-01-02 - 2026-01-07
策略胜率: 49.61%
策略盈亏比: 1.58
每日平均开仓个数: 2.63
平均持仓天数: 1.62 天
每单位风险期望收益:0.2787
策略总收益率: 226.35%
策略年化收益率: 221.17%
最大回撤: -14.48%
最大回撤阶段: 2025-08-12 至 2025-09-26
夏普比率: 2.95
策略超额年化收益率: 196.32%
最终净值: 3.2635
20260108 22:45:17- INFO- 回测信号参数: {'low': -5, 'high': -2.5, 'mv_min': 35, 'mv_max': 1000, 'prev_limit_status': ['断板', '炸板'], 'avg_limit_turnover_5_min': -1}
20260108 22:45:20- INFO- 回测时间区间: 2021-01-01 至 2026-01-08
20260108 22:45:21- INFO- 使用40个进程并行处理，共830个日期任务
20260108 22:48:27- INFO- 所有回测任务完成，共处理830个日期的结果
20260108 22:48:29- INFO- 总调整天数: 77, 调整正确率: 57.29%, 预计平均亏损改善: 2.6401%
20260108 22:48:29- INFO- 回测结果(不风控):
20260108 22:48:33- INFO- 
回测时间:2025-01-02 - 2026-01-08
策略胜率: 50.84%
策略盈亏比: 1.53
每日平均开仓个数: 2.66
平均持仓天数: 1.63 天
每单位风险期望收益:0.2862
策略总收益率: 222.87%
策略年化收益率: 216.80%
最大回撤: -16.79%
最大回撤阶段: 2025-08-27 至 2025-09-26
夏普比率: 2.86
策略超额年化收益率: 192.11%
最终净值: 3.2287
20260108 22:48:33- INFO- 回测结果(触及跌停风控):
20260108 22:48:33- INFO- 
回测时间:2025-01-02 - 2026-01-08
策略胜率: 51.74%
策略盈亏比: 1.59
每日平均开仓个数: 2.66
平均持仓天数: 1.63 天
每单位风险期望收益:0.3399
策略总收益率: 268.45%
策略年化收益率: 260.76%
最大回撤: -11.68%
最大回撤阶段: 2025-08-12 至 2025-09-26
夏普比率: 3.35
策略超额年化收益率: 236.06%
最终净值: 3.6845
20260108 22:48:33- INFO- 回测结果(买点下移风控):
20260108 22:48:33- INFO- 
回测时间:2025-01-02 - 2026-01-08
策略胜率: 50.19%
策略盈亏比: 1.57
每日平均开仓个数: 2.66
平均持仓天数: 1.63 天
每单位风险期望收益:0.2916
策略总收益率: 234.23%
策略年化收益率: 227.78%
最大回撤: -14.48%
最大回撤阶段: 2025-08-12 至 2025-09-26
夏普比率: 3.00
策略超额年化收益率: 203.08%
最终净值: 3.3423
20260108 22:50:28- INFO- 
回测时间:2025-01-02 - 2026-01-08
策略胜率: 50.84%
策略盈亏比: 1.53
每日平均开仓个数: 2.66
平均持仓天数: 1.63 天
每单位风险期望收益:0.2862
策略总收益率: 222.87%
策略年化收益率: 216.80%
最大回撤: -16.79%
最大回撤阶段: 2025-08-27 至 2025-09-26
夏普比率: 2.86
策略超额年化收益率: 192.11%
最终净值: 3.2287
20260108 22:50:28- INFO- 回测结果(触及跌停风控):
20260108 22:50:28- INFO- 
回测时间:2025-01-02 - 2026-01-08
策略胜率: 51.74%
策略盈亏比: 1.59
每日平均开仓个数: 2.66
平均持仓天数: 1.63 天
每单位风险期望收益:0.3399
策略总收益率: 268.45%
策略年化收益率: 260.76%
最大回撤: -11.68%
最大回撤阶段: 2025-08-12 至 2025-09-26
夏普比率: 3.35
策略超额年化收益率: 236.06%
最终净值: 3.6845
20260108 22:50:28- INFO- 回测结果(买点下移风控):
20260108 22:50:28- INFO- 
回测时间:2025-01-02 - 2026-01-08
策略胜率: 50.19%
策略盈亏比: 1.57
每日平均开仓个数: 2.66
平均持仓天数: 1.63 天
每单位风险期望收益:0.2916
策略总收益率: 234.23%
策略年化收益率: 227.78%
最大回撤: -14.48%
最大回撤阶段: 2025-08-12 至 2025-09-26
夏普比率: 3.00
策略超额年化收益率: 203.08%
最终净值: 3.3423
20260109 21:43:34- INFO- 回测信号参数: {'low': -5, 'high': -2.5, 'mv_min': 35, 'mv_max': 1000, 'prev_limit_status': ['断板', '炸板'], 'avg_limit_turnover_5_min': -1}
20260109 21:43:34- INFO- 回测时间区间: 2021-01-01 至 2026-01-09
20260109 21:43:34- INFO- 使用40个进程并行处理，共831个日期任务
20260109 21:46:27- INFO- 所有回测任务完成，共处理831个日期的结果
20260109 21:46:30- INFO- 总调整天数: 77, 调整正确率: 57.29%, 预计平均亏损改善: 2.6401%
20260109 21:46:30- INFO- 回测结果(不风控):
20260109 21:46:30- INFO- 
回测时间:2025-01-02 - 2026-01-09
策略胜率: 51.20%
策略盈亏比: 1.55
每日平均开仓个数: 2.67
平均持仓天数: 1.63 天
每单位风险期望收益:0.3040
策略总收益率: 235.50%
策略年化收益率: 227.94%
最大回撤: -16.79%
最大回撤阶段: 2025-08-27 至 2025-09-26
夏普比率: 2.94
策略超额年化收益率: 202.20%
最终净值: 3.3550
20260109 21:46:31- INFO- 回测结果(触及跌停风控):
20260109 21:46:31- INFO- 
回测时间:2025-01-02 - 2026-01-09
策略胜率: 52.12%
策略盈亏比: 1.61
每日平均开仓个数: 2.67
平均持仓天数: 1.63 天
每单位风险期望收益:0.3598
策略总收益率: 282.86%
策略年化收益率: 273.31%
最大回撤: -11.68%
最大回撤阶段: 2025-08-12 至 2025-09-26
夏普比率: 3.43
策略超额年化收益率: 247.57%
最终净值: 3.8286
20260109 21:46:31- INFO- 回测结果(买点下移风控):
20260109 21:46:31- INFO- 
回测时间:2025-01-02 - 2026-01-09
策略胜率: 50.57%
策略盈亏比: 1.59
每日平均开仓个数: 2.67
平均持仓天数: 1.63 天
每单位风险期望收益:0.3104
策略总收益率: 247.31%
策略年化收益率: 239.27%
最大回撤: -14.48%
最大回撤阶段: 2025-08-12 至 2025-09-26
夏普比率: 3.08
策略超额年化收益率: 213.53%
最终净值: 3.4731
20260109 22:00:21- INFO- 
回测时间:2021-01-04 - 2026-01-09
策略胜率: 44.77%
策略盈亏比: 1.43
每日平均开仓个数: 2.40
平均持仓天数: 1.59 天
每单位风险期望收益:0.0888
策略总收益率: 322.12%
策略年化收益率: 33.25%
最大回撤: -57.10%
最大回撤阶段: 2022-07-21 至 2024-04-15
夏普比率: 0.88
策略超额年化收益率: 29.96%
最终净值: 4.2212
20260109 22:00:21- INFO- 回测结果(触及跌停风控):
20260109 22:00:21- INFO- 
回测时间:2021-01-04 - 2026-01-09
策略胜率: 45.00%
策略盈亏比: 1.48
每日平均开仓个数: 2.40
平均持仓天数: 1.59 天
每单位风险期望收益:0.1149
策略总收益率: 362.62%
策略年化收益率: 35.71%
最大回撤: -54.61%
最大回撤阶段: 2022-07-21 至 2024-04-15
夏普比率: 0.94
策略超额年化收益率: 32.42%
最终净值: 4.6262
20260109 22:00:21- INFO- 回测结果(买点下移风控):
20260109 22:00:21- INFO- 
回测时间:2021-01-04 - 2026-01-09
策略胜率: 44.18%
策略盈亏比: 1.46
每日平均开仓个数: 2.40
平均持仓天数: 1.59 天
每单位风险期望收益:0.0874
策略总收益率: 275.71%
策略年化收益率: 30.20%
最大回撤: -55.24%
最大回撤阶段: 2022-07-21 至 2024-04-15
夏普比率: 0.83
策略超额年化收益率: 26.91%
最终净值: 3.7571
20260109 22:05:51- INFO- 
回测时间:2021-01-04 - 2021-12-31
策略胜率: 43.84%
策略盈亏比: 1.38
每日平均开仓个数: 2.18
平均持仓天数: 1.59 天
每单位风险期望收益:0.0423
策略总收益率: 19.54%
策略年化收益率: 19.78%
最大回撤: -23.08%
最大回撤阶段: 2021-09-17 至 2021-10-13
夏普比率: 0.61
策略超额年化收益率: 15.83%
最终净值: 1.1954
20260109 22:48:36- INFO- 回测信号参数: {'low': -5, 'high': -2.5, 'mv_min': 35, 'mv_max': 1000, 'prev_limit_status': ['断板', '炸板'], 'avg_limit_turnover_5_min': -1}
20260109 22:48:36- INFO- 回测时间区间: 2021-01-01 至 2026-01-09
20260109 22:48:37- INFO- 使用40个进程并行处理，共831个日期任务
20260109 22:51:30- INFO- 所有回测任务完成，共处理831个日期的结果
20260109 22:51:32- INFO- 总调整天数: 77, 调整正确率: 55.56%, 预计平均亏损改善: 2.7927%
20260109 22:51:32- INFO- 回测结果(不风控):
20260109 22:51:33- INFO- 
回测时间:2021-01-04 - 2026-01-09
策略胜率: 44.72%
策略盈亏比: 1.43
每日平均开仓个数: 2.40
平均持仓天数: 1.60 天
每单位风险期望收益:0.0885
策略总收益率: 389.49%
策略年化收益率: 37.24%
最大回撤: -54.76%
最大回撤阶段: 2022-07-21 至 2024-04-15
夏普比率: 0.95
策略超额年化收益率: 33.96%
最终净值: 4.8949
20260109 22:51:33- INFO- 回测结果(触及跌停风控):
20260109 22:51:33- INFO- 
回测时间:2021-01-04 - 2026-01-09
策略胜率: 44.75%
策略盈亏比: 1.49
每日平均开仓个数: 2.40
平均持仓天数: 1.60 天
每单位风险期望收益:0.1150
策略总收益率: 426.49%
策略年化收益率: 39.25%
最大回撤: -51.91%
最大回撤阶段: 2022-07-21 至 2023-05-23
夏普比率: 1.02
策略超额年化收益率: 35.96%
最终净值: 5.2649
20260109 22:51:33- INFO- 回测结果(买点下移风控):
20260109 22:51:33- INFO- 
回测时间:2021-01-04 - 2026-01-09
策略胜率: 43.98%
策略盈亏比: 1.47
每日平均开仓个数: 2.40
平均持仓天数: 1.60 天
每单位风险期望收益:0.0870
策略总收益率: 339.49%
策略年化收益率: 34.33%
最大回撤: -52.41%
最大回撤阶段: 2022-07-21 至 2024-04-15
夏普比率: 0.91
策略超额年化收益率: 31.04%
最终净值: 4.3949
20260109 22:51:34- INFO- 
回测时间:2021-01-04 - 2021-12-31
策略胜率: 43.53%
策略盈亏比: 1.38
每日平均开仓个数: 2.18
平均持仓天数: 1.60 天
每单位风险期望收益:0.0339
策略总收益率: 21.61%
策略年化收益率: 21.87%
最大回撤: -23.08%
最大回撤阶段: 2021-09-17 至 2021-10-13
夏普比率: 0.67
策略超额年化收益率: 17.92%
最终净值: 1.2161
20260110 01:11:16- INFO- 
回测时间:2025-01-02 - 2026-01-09
策略胜率: 51.38%
策略盈亏比: 1.55
每日平均开仓个数: 2.67
平均持仓天数: 1.64 天
每单位风险期望收益:0.3120
策略总收益率: 245.39%
策略年化收益率: 237.43%
最大回撤: -16.79%
最大回撤阶段: 2025-08-27 至 2025-09-26
夏普比率: 3.05
策略超额年化收益率: 211.69%
最终净值: 3.4539
20260110 01:11:16- INFO- 回测结果(触及跌停风控):
20260110 01:11:16- INFO- 
回测时间:2025-01-02 - 2026-01-09
策略胜率: 52.24%
策略盈亏比: 1.64
每日平均开仓个数: 2.67
平均持仓天数: 1.64 天
每单位风险期望收益:0.3790
策略总收益率: 287.97%
策略年化收益率: 278.20%
最大回撤: -12.17%
最大回撤阶段: 2025-04-10 至 2025-05-22
夏普比率: 3.56
策略超额年化收益率: 252.46%
最终净值: 3.8797
20260110 01:11:16- INFO- 回测结果(买点下移风控):
20260110 01:11:16- INFO- 
回测时间:2025-01-02 - 2026-01-09
策略胜率: 50.66%
策略盈亏比: 1.61
每日平均开仓个数: 2.67
平均持仓天数: 1.64 天
每单位风险期望收益:0.3202
策略总收益率: 256.05%
策略年化收益率: 247.64%
最大回撤: -13.53%
最大回撤阶段: 2025-08-12 至 2025-09-26
夏普比率: 3.20
策略超额年化收益率: 221.90%
最终净值: 3.5605
